<?xml version="1.0" encoding="UTF-8"?>
<!-- Generated by org.testng.reporters.JUnitReportReporter -->
<testsuite skipped="0" hostname="CPU351" name="Scripts.AdmnCertifctPrfleCA_Script" tests="13" failures="0" timestamp="07 May 2019 11:41:16 GMT" time="90.997" errors="0">
  <testcase name="prfleManagment" time="2.107" classname="Scripts.AdmnCertifctPrfleCA_Script"/>
  <testcase name="certificateProfileCA" time="0.005" classname="Scripts.AdmnCertifctPrfleCA_Script"/>
  <testcase name="certificateProfileCA" time="0.005" classname="Scripts.AdmnCertifctPrfleCA_Script"/>
  <testcase name="certificateProfileCA" time="0.004" classname="Scripts.AdmnCertifctPrfleCA_Script"/>
  <testcase name="certificateProfileCA" time="0.006" classname="Scripts.AdmnCertifctPrfleCA_Script"/>
  <testcase name="certificateProfileCA" time="88.845" classname="Scripts.AdmnCertifctPrfleCA_Script"/>
  <testcase name="certificateProfileCA" time="0.003" classname="Scripts.AdmnCertifctPrfleCA_Script"/>
  <testcase name="certificateProfileCA" time="0.004" classname="Scripts.AdmnCertifctPrfleCA_Script"/>
  <testcase name="certificateProfileCA" time="0.006" classname="Scripts.AdmnCertifctPrfleCA_Script"/>
  <testcase name="certificateProfileCA" time="0.002" classname="Scripts.AdmnCertifctPrfleCA_Script"/>
  <testcase name="certificateProfileCA" time="0.004" classname="Scripts.AdmnCertifctPrfleCA_Script"/>
  <testcase name="certificateProfileCA" time="0.003" classname="Scripts.AdmnCertifctPrfleCA_Script"/>
  <testcase name="certificateProfileCA" time="0.003" classname="Scripts.AdmnCertifctPrfleCA_Script"/>
</testsuite> <!-- Scripts.AdmnCertifctPrfleCA_Script -->
