<?xml version="1.0" encoding="UTF-8"?>
<!-- Generated by org.testng.reporters.JUnitReportReporter -->
<testsuite skipped="0" hostname="CPU351" name="Scripts.OperatorBackup_Script" tests="6" failures="0" timestamp="02 Apr 2019 04:33:25 GMT" time="61.937" errors="0">
  <testcase name="operatrAutomtcLocal" time="0.007" classname="Scripts.OperatorBackup_Script"/>
  <testcase name="operatrAutomtcLocal" time="0.008" classname="Scripts.OperatorBackup_Script"/>
  <testcase name="operatrAutomtcLocal" time="0.004" classname="Scripts.OperatorBackup_Script"/>
  <testcase name="operatrAutomtcLocal" time="61.903" classname="Scripts.OperatorBackup_Script"/>
  <testcase name="operatrAutomtcLocal" time="0.007" classname="Scripts.OperatorBackup_Script"/>
  <testcase name="operatrAutomtcLocal" time="0.008" classname="Scripts.OperatorBackup_Script"/>
</testsuite> <!-- Scripts.OperatorBackup_Script -->
