<?xml version="1.0" encoding="UTF-8"?>
<!-- Generated by org.testng.reporters.JUnitReportReporter -->
<testsuite skipped="0" hostname="CPU351" name="Scripts.LoginCAAdmin_Script" tests="5" failures="0" timestamp="07 May 2019 05:31:59 GMT" time="4.372" errors="0">
  <testcase name="Login" time="0.009" classname="Scripts.LoginCAAdmin_Script"/>
  <testcase name="Login" time="4.320" classname="Scripts.LoginCAAdmin_Script"/>
  <testcase name="Login" time="0.037" classname="Scripts.LoginCAAdmin_Script"/>
  <testcase name="Login" time="0.003" classname="Scripts.LoginCAAdmin_Script"/>
  <testcase name="Login" time="0.003" classname="Scripts.LoginCAAdmin_Script"/>
</testsuite> <!-- Scripts.LoginCAAdmin_Script -->
