<?xml version="1.0" encoding="UTF-8"?>
<!-- Generated by org.testng.reporters.JUnitReportReporter -->
<testsuite skipped="0" hostname="CPU351" name="Scripts.AdminProfile_Script" tests="3" failures="0" timestamp="07 May 2019 11:16:17 GMT" time="31.582" errors="0">
  <testcase name="admnPrfle" time="18.152" classname="Scripts.AdminProfile_Script"/>
  <testcase name="admnOpenAll" time="6.212" classname="Scripts.AdminProfile_Script"/>
  <testcase name="admnLogoCheck" time="7.218" classname="Scripts.AdminProfile_Script"/>
</testsuite> <!-- Scripts.AdminProfile_Script -->
