<?xml version="1.0" encoding="UTF-8"?>
<!-- Generated by org.testng.reporters.JUnitReportReporter -->
<testsuite skipped="0" hostname="CPU351" name="Scripts.OfcrManageCRL_Script" tests="2" failures="0" timestamp="11 Mar 2019 04:34:07 GMT" time="21.045" errors="0">
  <testcase name="caCertMangmt" time="3.090" classname="Scripts.OfcrManageCRL_Script"/>
  <testcase name="searchCRLCheck" time="17.955" classname="Scripts.OfcrManageCRL_Script"/>
</testsuite> <!-- Scripts.OfcrManageCRL_Script -->
