<?xml version="1.0" encoding="UTF-8"?>
<!-- Generated by org.testng.reporters.JUnitReportReporter -->
<testsuite skipped="0" hostname="CPU351" name="Scripts.CAAdminReports_Script" tests="2" failures="0" timestamp="28 Mar 2019 10:00:53 GMT" time="28.912" errors="0">
  <testcase name="auditorReports" time="6.647" classname="Scripts.CAAdminReports_Script"/>
  <testcase name="auditorLogs" time="22.265" classname="Scripts.CAAdminReports_Script"/>
</testsuite> <!-- Scripts.CAAdminReports_Script -->
