<?xml version="1.0" encoding="UTF-8"?>
<!-- Generated by org.testng.reporters.JUnitReportReporter -->
<testsuite skipped="0" hostname="CPU351" name="Scripts.CAAdminDashBoard_Script" tests="7" failures="0" timestamp="09 Apr 2019 06:03:22 GMT" time="174.966" errors="0">
  <testcase name="caadminActveCert" time="31.838" classname="Scripts.CAAdminDashBoard_Script"/>
  <testcase name="caadminActveCertU" time="32.203" classname="Scripts.CAAdminDashBoard_Script"/>
  <testcase name="caadminRvkeCert" time="11.776" classname="Scripts.CAAdminDashBoard_Script"/>
  <testcase name="caadminRvkeCertU" time="31.898" classname="Scripts.CAAdminDashBoard_Script"/>
  <testcase name="caadminExpireCert" time="11.766" classname="Scripts.CAAdminDashBoard_Script"/>
  <testcase name="caadminExpireCertU" time="32.053" classname="Scripts.CAAdminDashBoard_Script"/>
  <testcase name="caadminCRl" time="23.432" classname="Scripts.CAAdminDashBoard_Script"/>
</testsuite> <!-- Scripts.CAAdminDashBoard_Script -->
