<?xml version="1.0" encoding="UTF-8"?>
<!-- Generated by org.testng.reporters.JUnitReportReporter -->
<testsuite skipped="0" hostname="CPU351" name="Scripts.UserNGroup_Script" tests="21" failures="0" timestamp="07 May 2019 08:56:42 GMT" time="87.564" errors="0">
  <testcase name="searchErr" time="0.003" classname="Scripts.UserNGroup_Script"/>
  <testcase name="searchErr" time="0.005" classname="Scripts.UserNGroup_Script"/>
  <testcase name="searchErr" time="5.696" classname="Scripts.UserNGroup_Script"/>
  <testcase name="searchErr" time="0.002" classname="Scripts.UserNGroup_Script"/>
  <testcase name="searchErr" time="9.852" classname="Scripts.UserNGroup_Script"/>
  <testcase name="searchOfcr" time="0.002" classname="Scripts.UserNGroup_Script"/>
  <testcase name="searchOfcr" time="23.391" classname="Scripts.UserNGroup_Script"/>
  <testcase name="searchOfcr" time="0.002" classname="Scripts.UserNGroup_Script"/>
  <testcase name="searchOfcr" time="0.001" classname="Scripts.UserNGroup_Script"/>
  <testcase name="searchOfcr" time="0.002" classname="Scripts.UserNGroup_Script"/>
  <testcase name="searchAuditr" time="23.226" classname="Scripts.UserNGroup_Script"/>
  <testcase name="searchAuditr" time="0.002" classname="Scripts.UserNGroup_Script"/>
  <testcase name="searchAuditr" time="0.002" classname="Scripts.UserNGroup_Script"/>
  <testcase name="searchAuditr" time="0.002" classname="Scripts.UserNGroup_Script"/>
  <testcase name="searchAuditr" time="0.006" classname="Scripts.UserNGroup_Script"/>
  <testcase name="searchOperatr" time="0.007" classname="Scripts.UserNGroup_Script"/>
  <testcase name="searchOperatr" time="0.003" classname="Scripts.UserNGroup_Script"/>
  <testcase name="searchOperatr" time="22.541" classname="Scripts.UserNGroup_Script"/>
  <testcase name="searchOperatr" time="0.013" classname="Scripts.UserNGroup_Script"/>
  <testcase name="searchOperatr" time="0.005" classname="Scripts.UserNGroup_Script"/>
  <testcase name="homeLink" time="2.801" classname="Scripts.UserNGroup_Script"/>
</testsuite> <!-- Scripts.UserNGroup_Script -->
