<?xml version="1.0" encoding="UTF-8"?>
<!-- Generated by org.testng.reporters.JUnitReportReporter -->
<testsuite skipped="0" hostname="CPU351" name="Scripts.LoginOperator_Script" tests="4" failures="0" timestamp="09 Apr 2019 06:03:22 GMT" time="4.251" errors="0">
  <testcase name="Login" time="0.004" classname="Scripts.LoginOperator_Script"/>
  <testcase name="Login" time="0.002" classname="Scripts.LoginOperator_Script"/>
  <testcase name="Login" time="0.001" classname="Scripts.LoginOperator_Script"/>
  <testcase name="Login" time="4.244" classname="Scripts.LoginOperator_Script"/>
</testsuite> <!-- Scripts.LoginOperator_Script -->
