<?xml version="1.0" encoding="UTF-8"?>
<!-- Generated by org.testng.reporters.JUnitReportReporter -->
<testsuite skipped="0" hostname="CPU351" name="Scripts.OfcrOCSPMangnt_Script" tests="9" failures="0" timestamp="09 Apr 2019 05:46:54 GMT" time="17.740" errors="0">
  <testcase name="OSCPMangment" time="2.089" classname="Scripts.OfcrOCSPMangnt_Script"/>
  <testcase name="searchOscp" time="0.006" classname="Scripts.OfcrOCSPMangnt_Script"/>
  <testcase name="searchOscp" time="0.005" classname="Scripts.OfcrOCSPMangnt_Script"/>
  <testcase name="searchOscp" time="0.003" classname="Scripts.OfcrOCSPMangnt_Script"/>
  <testcase name="searchOscp" time="0.028" classname="Scripts.OfcrOCSPMangnt_Script"/>
  <testcase name="searchOscp" time="0.007" classname="Scripts.OfcrOCSPMangnt_Script"/>
  <testcase name="searchOscp" time="15.589" classname="Scripts.OfcrOCSPMangnt_Script"/>
  <testcase name="searchOscp" time="0.005" classname="Scripts.OfcrOCSPMangnt_Script"/>
  <testcase name="searchOscp" time="0.008" classname="Scripts.OfcrOCSPMangnt_Script"/>
</testsuite> <!-- Scripts.OfcrOCSPMangnt_Script -->
