<?xml version="1.0" encoding="UTF-8"?>
<!-- Generated by org.testng.reporters.JUnitReportReporter -->
<testsuite skipped="0" hostname="CPU351" name="Scripts.LoginOfficer_Script" tests="4" failures="0" timestamp="07 May 2019 11:44:54 GMT" time="4.372" errors="0">
  <testcase name="Login" time="4.319" classname="Scripts.LoginOfficer_Script"/>
  <testcase name="Login" time="0.046" classname="Scripts.LoginOfficer_Script"/>
  <testcase name="Login" time="0.004" classname="Scripts.LoginOfficer_Script"/>
  <testcase name="Login" time="0.003" classname="Scripts.LoginOfficer_Script"/>
</testsuite> <!-- Scripts.LoginOfficer_Script -->
