<?xml version="1.0" encoding="UTF-8"?>
<!-- Generated by org.testng.reporters.JUnitReportReporter -->
<testsuite skipped="0" hostname="CPU351" name="Scripts.AdmnCertifctPrfleOCSP_Script" tests="8" failures="0" timestamp="08 Mar 2019 11:48:41 GMT" time="63.807" errors="0">
  <testcase name="prfleManagment" time="2.095" classname="Scripts.AdmnCertifctPrfleOCSP_Script"/>
  <testcase name="certificateProfileOCSP" time="0.006" classname="Scripts.AdmnCertifctPrfleOCSP_Script"/>
  <testcase name="certificateProfileOCSP" time="0.002" classname="Scripts.AdmnCertifctPrfleOCSP_Script"/>
  <testcase name="certificateProfileOCSP" time="0.003" classname="Scripts.AdmnCertifctPrfleOCSP_Script"/>
  <testcase name="certificateProfileOCSP" time="0.005" classname="Scripts.AdmnCertifctPrfleOCSP_Script"/>
  <testcase name="certificateProfileOCSP" time="0.004" classname="Scripts.AdmnCertifctPrfleOCSP_Script"/>
  <testcase name="certificateProfileOCSP" time="59.537" classname="Scripts.AdmnCertifctPrfleOCSP_Script"/>
  <testcase name="exprtToExl" time="2.155" classname="Scripts.AdmnCertifctPrfleOCSP_Script"/>
</testsuite> <!-- Scripts.AdmnCertifctPrfleOCSP_Script -->
