<?xml version="1.0" encoding="UTF-8"?>
<!-- Generated by org.testng.reporters.JUnitReportReporter -->
<testsuite skipped="0" hostname="CPU351" name="Scripts.LoginCaAdministrator_Script" tests="5" failures="0" timestamp="07 May 2019 05:17:51 GMT" time="18.249" errors="0">
  <testcase name="Login" time="4.931" classname="Scripts.LoginCaAdministrator_Script"/>
  <testcase name="Login" time="1.005" classname="Scripts.LoginCaAdministrator_Script"/>
  <testcase name="Login" time="4.849" classname="Scripts.LoginCaAdministrator_Script"/>
  <testcase name="Login" time="4.272" classname="Scripts.LoginCaAdministrator_Script"/>
  <testcase name="Login" time="3.192" classname="Scripts.LoginCaAdministrator_Script"/>
</testsuite> <!-- Scripts.LoginCaAdministrator_Script -->
