<?xml version="1.0" encoding="UTF-8"?>
<!-- Generated by org.testng.reporters.JUnitReportReporter -->
<testsuite skipped="0" hostname="CPU351" name="Scripts.AdmnKeyPrfle_Script" tests="7" failures="0" timestamp="07 May 2019 10:09:46 GMT" time="109.300" errors="0">
  <testcase name="keyProfile" time="2.093" classname="Scripts.AdmnKeyPrfle_Script"/>
  <testcase name="keyProfilehrdTkn" time="0.687" classname="Scripts.AdmnKeyPrfle_Script"/>
  <testcase name="keyProfilehrdTkn" time="45.085" classname="Scripts.AdmnKeyPrfle_Script"/>
  <testcase name="keyProfilehrdTkn" time="8.453" classname="Scripts.AdmnKeyPrfle_Script"/>
  <testcase name="keyProfilehrdTkn" time="0.782" classname="Scripts.AdmnKeyPrfle_Script"/>
  <testcase name="keyProfileHSM" time="47.283" classname="Scripts.AdmnKeyPrfle_Script"/>
  <testcase name="keyProfileExprtExcel" time="4.917" classname="Scripts.AdmnKeyPrfle_Script"/>
</testsuite> <!-- Scripts.AdmnKeyPrfle_Script -->
