<?xml version="1.0" encoding="UTF-8"?>
<!-- Generated by org.testng.reporters.JUnitReportReporter -->
<testsuite skipped="0" hostname="CPU351" name="Scripts.AdmnReports_Script" tests="12" failures="0" timestamp="09 Apr 2019 06:32:39 GMT" time="95.706" errors="0">
  <testcase name="admnReport" time="2.092" classname="Scripts.AdmnReports_Script"/>
  <testcase name="admnCRLReport" time="7.841" classname="Scripts.AdmnReports_Script"/>
  <testcase name="admnCertStat" time="5.586" classname="Scripts.AdmnReports_Script"/>
  <testcase name="activeCertificates" time="0.012" classname="Scripts.AdmnReports_Script"/>
  <testcase name="activeCertificates" time="32.375" classname="Scripts.AdmnReports_Script"/>
  <testcase name="activeCertificates" time="0.004" classname="Scripts.AdmnReports_Script"/>
  <testcase name="revokeCertificates" time="30.046" classname="Scripts.AdmnReports_Script"/>
  <testcase name="revokeCertificates" time="0.006" classname="Scripts.AdmnReports_Script"/>
  <testcase name="revokeCertificates" time="0.006" classname="Scripts.AdmnReports_Script"/>
  <testcase name="expiredCertificates" time="0.003" classname="Scripts.AdmnReports_Script"/>
  <testcase name="expiredCertificates" time="17.730" classname="Scripts.AdmnReports_Script"/>
  <testcase name="expiredCertificates" time="0.005" classname="Scripts.AdmnReports_Script"/>
</testsuite> <!-- Scripts.AdmnReports_Script -->
