<?xml version="1.0" encoding="UTF-8"?>
<!-- Generated by org.testng.reporters.JUnitReportReporter -->
<testsuite skipped="0" hostname="CPU351" name="Scripts.OperatorBckupRemote_Script" tests="27" failures="0" timestamp="01 Apr 2019 07:13:57 GMT" time="211.779" errors="0">
  <testcase name="operatorTestConnectionCheck" time="0.001" classname="Scripts.OperatorBckupRemote_Script"/>
  <testcase name="operatorTestConnectionCheck" time="21.192" classname="Scripts.OperatorBckupRemote_Script"/>
  <testcase name="operatorTestConnectionCheck" time="31.381" classname="Scripts.OperatorBckupRemote_Script"/>
  <testcase name="operatorTestConnectionCheck" time="6.726" classname="Scripts.OperatorBckupRemote_Script"/>
  <testcase name="operatorTestConnectionCheck" time="0.001" classname="Scripts.OperatorBckupRemote_Script"/>
  <testcase name="operatorTestConnectionCheck" time="0.001" classname="Scripts.OperatorBckupRemote_Script"/>
  <testcase name="operatorTestConnectionCheck" time="11.173" classname="Scripts.OperatorBckupRemote_Script"/>
  <testcase name="operatorTestConnectionCheck" time="0.001" classname="Scripts.OperatorBckupRemote_Script"/>
  <testcase name="operatorTestConnectionCheck" time="0.002" classname="Scripts.OperatorBckupRemote_Script"/>
  <testcase name="operatorBackupManual" time="0.001" classname="Scripts.OperatorBckupRemote_Script"/>
  <testcase name="operatorBackupManual" time="53.755" classname="Scripts.OperatorBckupRemote_Script"/>
  <testcase name="operatorBackupManual" time="0.000" classname="Scripts.OperatorBckupRemote_Script"/>
  <testcase name="operatorBackupManual" time="4.734" classname="Scripts.OperatorBckupRemote_Script"/>
  <testcase name="operatorBackupManual" time="18.941" classname="Scripts.OperatorBckupRemote_Script"/>
  <testcase name="operatorBackupManual" time="0.001" classname="Scripts.OperatorBckupRemote_Script"/>
  <testcase name="operatorBackupManual" time="0.002" classname="Scripts.OperatorBckupRemote_Script"/>
  <testcase name="operatorBackupManual" time="0.002" classname="Scripts.OperatorBckupRemote_Script"/>
  <testcase name="operatorBackupManual" time="0.002" classname="Scripts.OperatorBckupRemote_Script"/>
  <testcase name="operatorBackupAutomtc" time="0.001" classname="Scripts.OperatorBckupRemote_Script"/>
  <testcase name="operatorBackupAutomtc" time="11.567" classname="Scripts.OperatorBckupRemote_Script"/>
  <testcase name="operatorBackupAutomtc" time="0.004" classname="Scripts.OperatorBckupRemote_Script"/>
  <testcase name="operatorBackupAutomtc" time="0.000" classname="Scripts.OperatorBckupRemote_Script"/>
  <testcase name="operatorBackupAutomtc" time="0.002" classname="Scripts.OperatorBckupRemote_Script"/>
  <testcase name="operatorBackupAutomtc" time="0.002" classname="Scripts.OperatorBckupRemote_Script"/>
  <testcase name="operatorBackupAutomtc" time="0.001" classname="Scripts.OperatorBckupRemote_Script"/>
  <testcase name="operatorBackupAutomtc" time="0.001" classname="Scripts.OperatorBckupRemote_Script"/>
  <testcase name="operatorBackupAutomtc" time="52.285" classname="Scripts.OperatorBckupRemote_Script"/>
</testsuite> <!-- Scripts.OperatorBckupRemote_Script -->
