<?xml version="1.0" encoding="UTF-8"?>
<!-- Generated by org.testng.reporters.JUnitReportReporter -->
<testsuite skipped="0" hostname="CPU351" name="Scripts.Logout_Script" tests="1" failures="0" timestamp="07 May 2019 05:34:00 GMT" time="4.504" errors="0">
  <testcase name="Logout" time="4.504" classname="Scripts.Logout_Script"/>
</testsuite> <!-- Scripts.Logout_Script -->
