<?xml version="1.0" encoding="UTF-8"?>
<!-- Generated by org.testng.reporters.JUnitReportReporter -->
<testsuite skipped="0" hostname="CPU351" name="Scripts.AdmnCACertMngnt_Script" tests="1" failures="0" timestamp="09 Apr 2019 05:49:24 GMT" time="28.991" errors="0">
  <testcase name="certDetails" time="28.991" classname="Scripts.AdmnCACertMngnt_Script"/>
</testsuite> <!-- Scripts.AdmnCACertMngnt_Script -->
