<?xml version="1.0" encoding="UTF-8"?>
<!-- Generated by org.testng.reporters.JUnitReportReporter -->
<testsuite skipped="0" hostname="CPU351" name="Scripts.OfcrCACertEnrollCA_Script" tests="5" failures="0" timestamp="07 May 2019 11:44:54 GMT" time="45.834" errors="0">
  <testcase name="caCertMangmt" time="3.073" classname="Scripts.OfcrCACertEnrollCA_Script"/>
  <testcase name="caEnrollCACert" time="0.004" classname="Scripts.OfcrCACertEnrollCA_Script"/>
  <testcase name="caEnrollCACert" time="42.745" classname="Scripts.OfcrCACertEnrollCA_Script"/>
  <testcase name="caEnrollCACert" time="0.004" classname="Scripts.OfcrCACertEnrollCA_Script"/>
  <testcase name="caEnrollCACert" time="0.008" classname="Scripts.OfcrCACertEnrollCA_Script"/>
</testsuite> <!-- Scripts.OfcrCACertEnrollCA_Script -->
