<?xml version="1.0" encoding="UTF-8"?>
<!-- Generated by org.testng.reporters.JUnitReportReporter -->
<testsuite skipped="0" hostname="CPU351" name="Scripts.AuditorReports_Script" tests="2" failures="0" timestamp="26 Mar 2019 12:22:48 GMT" time="23.593" errors="0">
  <testcase name="auditorReports" time="2.509" classname="Scripts.AuditorReports_Script"/>
  <testcase name="auditorLogs" time="21.084" classname="Scripts.AuditorReports_Script"/>
</testsuite> <!-- Scripts.AuditorReports_Script -->
