<?xml version="1.0" encoding="UTF-8"?>
<!-- Generated by org.testng.reporters.JUnitReportReporter -->
<testsuite skipped="0" hostname="CPU351" name="Scripts.AuditorProfile_Script" tests="1" failures="0" timestamp="26 Mar 2019 05:50:41 GMT" time="9.309" errors="0">
  <testcase name="admnPrfle" time="9.309" classname="Scripts.AuditorProfile_Script"/>
</testsuite> <!-- Scripts.AuditorProfile_Script -->
