<?xml version="1.0" encoding="UTF-8"?>
<!-- Generated by org.testng.reporters.JUnitReportReporter -->
<testsuite skipped="0" hostname="CPU351" name="Scripts.CreateUser_Script" tests="15" failures="0" timestamp="07 May 2019 09:57:16 GMT" time="152.127" errors="0">
  <testcase name="crteUserErrorMsgCheck" time="0.635" classname="Scripts.CreateUser_Script"/>
  <testcase name="crteUserErrorMsgCheck" time="0.492" classname="Scripts.CreateUser_Script"/>
  <testcase name="crteUserErrorMsgCheck" time="0.627" classname="Scripts.CreateUser_Script"/>
  <testcase name="crteUserErrorMsgCheck" time="0.947" classname="Scripts.CreateUser_Script"/>
  <testcase name="crteUserErrorMsgCheck" time="0.665" classname="Scripts.CreateUser_Script"/>
  <testcase name="crteUserErrorMsgCheck" time="0.713" classname="Scripts.CreateUser_Script"/>
  <testcase name="crteUserErrorMsgCheck" time="1.060" classname="Scripts.CreateUser_Script"/>
  <testcase name="crteUserErrorMsgCheck" time="0.519" classname="Scripts.CreateUser_Script"/>
  <testcase name="crteUserErrorMsgCheck" time="0.629" classname="Scripts.CreateUser_Script"/>
  <testcase name="crteUserErrorMsgCheck" time="7.212" classname="Scripts.CreateUser_Script"/>
  <testcase name="crteUserOfficer" time="43.246" classname="Scripts.CreateUser_Script"/>
  <testcase name="crteUserAuditor" time="42.837" classname="Scripts.CreateUser_Script"/>
  <testcase name="crteUserOperator" time="23.076" classname="Scripts.CreateUser_Script"/>
  <testcase name="crteUserNegative" time="22.861" classname="Scripts.CreateUser_Script"/>
  <testcase name="exprtExcl" time="6.608" classname="Scripts.CreateUser_Script"/>
</testsuite> <!-- Scripts.CreateUser_Script -->
