<?xml version="1.0" encoding="UTF-8"?>
<!-- Generated by org.testng.reporters.JUnitReportReporter -->
<testsuite skipped="0" hostname="CPU351" name="Scripts.CaAdministratorProfile_Script" tests="1" failures="0" timestamp="07 May 2019 05:17:51 GMT" time="9.732" errors="0">
  <testcase name="caadmnPrfle" time="9.732" classname="Scripts.CaAdministratorProfile_Script"/>
</testsuite> <!-- Scripts.CaAdministratorProfile_Script -->
