<?xml version="1.0" encoding="UTF-8"?>
<!-- Generated by org.testng.reporters.JUnitReportReporter -->
<testsuite skipped="0" hostname="CPU351" name="Scripts.CreateAdmin_Script" tests="4" failures="0" timestamp="07 May 2019 05:31:59 GMT" time="142.701" errors="0">
  <testcase name="roleMngnt" time="5.148" classname="Scripts.CreateAdmin_Script"/>
  <testcase name="crteAdmin" time="43.413" classname="Scripts.CreateAdmin_Script"/>
  <testcase name="crteAdmin" time="22.855" classname="Scripts.CreateAdmin_Script"/>
  <testcase name="crteAdmin" time="71.285" classname="Scripts.CreateAdmin_Script"/>
</testsuite> <!-- Scripts.CreateAdmin_Script -->
