<?xml version="1.0" encoding="UTF-8"?>
<!-- Generated by org.testng.reporters.JUnitReportReporter -->
<testsuite skipped="0" hostname="CPU351" name="Scripts.OperatorProfile_Script" tests="1" failures="0" timestamp="29 Mar 2019 08:55:14 GMT" time="9.203" errors="0">
  <testcase name="admnPrfle" time="9.203" classname="Scripts.OperatorProfile_Script"/>
</testsuite> <!-- Scripts.OperatorProfile_Script -->
