<?xml version="1.0" encoding="UTF-8"?>
<!-- Generated by org.testng.reporters.JUnitReportReporter -->
<testsuite skipped="0" hostname="CPU351" name="Scripts.OperatorDashBoard_Script" tests="7" failures="0" timestamp="09 Apr 2019 06:03:22 GMT" time="175.014" errors="0">
  <testcase name="operatrActveCert" time="31.793" classname="Scripts.OperatorDashBoard_Script"/>
  <testcase name="operatrActveCertU" time="31.982" classname="Scripts.OperatorDashBoard_Script"/>
  <testcase name="operatrRvkeCert" time="11.704" classname="Scripts.OperatorDashBoard_Script"/>
  <testcase name="operatrRvkeCertU" time="32.061" classname="Scripts.OperatorDashBoard_Script"/>
  <testcase name="operatrExpireCert" time="11.694" classname="Scripts.OperatorDashBoard_Script"/>
  <testcase name="operatrExpireCertU" time="32.167" classname="Scripts.OperatorDashBoard_Script"/>
  <testcase name="operatrCRl" time="23.613" classname="Scripts.OperatorDashBoard_Script"/>
</testsuite> <!-- Scripts.OperatorDashBoard_Script -->
