<?xml version="1.0" encoding="UTF-8"?>
<!-- Generated by org.testng.reporters.JUnitReportReporter -->
<testsuite skipped="0" hostname="CPU351" name="Scripts.LoginAuditor_Script" tests="4" failures="0" timestamp="09 Apr 2019 06:03:22 GMT" time="4.238" errors="0">
  <testcase name="LoginAuditor" time="0.008" classname="Scripts.LoginAuditor_Script"/>
  <testcase name="LoginAuditor" time="0.004" classname="Scripts.LoginAuditor_Script"/>
  <testcase name="LoginAuditor" time="0.004" classname="Scripts.LoginAuditor_Script"/>
  <testcase name="LoginAuditor" time="4.222" classname="Scripts.LoginAuditor_Script"/>
</testsuite> <!-- Scripts.LoginAuditor_Script -->
