<?xml version="1.0" encoding="UTF-8"?>
<!-- Generated by org.testng.reporters.JUnitReportReporter -->
<testsuite skipped="0" hostname="CPU351" name="Scripts.OfficrDashBoard_Script" tests="7" failures="0" timestamp="09 Apr 2019 06:03:22 GMT" time="174.794" errors="0">
  <testcase name="OfficrActveCert" time="31.652" classname="Scripts.OfficrDashBoard_Script"/>
  <testcase name="OfficrActveCertU" time="31.985" classname="Scripts.OfficrDashBoard_Script"/>
  <testcase name="OfficrRvkeCert" time="11.830" classname="Scripts.OfficrDashBoard_Script"/>
  <testcase name="OfficrRvkeCertU" time="31.955" classname="Scripts.OfficrDashBoard_Script"/>
  <testcase name="OfficrExpireCert" time="11.647" classname="Scripts.OfficrDashBoard_Script"/>
  <testcase name="OfficrExpireCertU" time="32.074" classname="Scripts.OfficrDashBoard_Script"/>
  <testcase name="OfficrCRl" time="23.651" classname="Scripts.OfficrDashBoard_Script"/>
</testsuite> <!-- Scripts.OfficrDashBoard_Script -->
