<?xml version="1.0" encoding="UTF-8"?>
<!-- Generated by org.testng.reporters.JUnitReportReporter -->
<testsuite skipped="0" hostname="CPU351" name="Scripts.OfcrCACertEnroll_Script" tests="29" failures="0" timestamp="07 May 2019 11:39:08 GMT" time="197.443" errors="0">
  <testcase name="caCertMangmt" time="3.095" classname="Scripts.OfcrCACertEnroll_Script"/>
  <testcase name="errMsgCheck" time="0.891" classname="Scripts.OfcrCACertEnroll_Script"/>
  <testcase name="errMsgCheck" time="0.876" classname="Scripts.OfcrCACertEnroll_Script"/>
  <testcase name="errMsgCheck" time="1.233" classname="Scripts.OfcrCACertEnroll_Script"/>
  <testcase name="errMsgCheck" time="6.965" classname="Scripts.OfcrCACertEnroll_Script"/>
  <testcase name="errMsgCheck" time="1.016" classname="Scripts.OfcrCACertEnroll_Script"/>
  <testcase name="errMsgCheck" time="0.785" classname="Scripts.OfcrCACertEnroll_Script"/>
  <testcase name="errMsgCheck" time="0.925" classname="Scripts.OfcrCACertEnroll_Script"/>
  <testcase name="errMsgCheck" time="0.643" classname="Scripts.OfcrCACertEnroll_Script"/>
  <testcase name="errMsgCheck" time="5.633" classname="Scripts.OfcrCACertEnroll_Script"/>
  <testcase name="errMsgCheck" time="0.714" classname="Scripts.OfcrCACertEnroll_Script"/>
  <testcase name="errMsgCheck" time="0.857" classname="Scripts.OfcrCACertEnroll_Script"/>
  <testcase name="errMsgCheck" time="0.871" classname="Scripts.OfcrCACertEnroll_Script"/>
  <testcase name="errMsgCheck" time="0.982" classname="Scripts.OfcrCACertEnroll_Script"/>
  <testcase name="errMsgCheck" time="0.749" classname="Scripts.OfcrCACertEnroll_Script"/>
  <testcase name="errMsgCheck" time="0.820" classname="Scripts.OfcrCACertEnroll_Script"/>
  <testcase name="errMsgCheck" time="0.740" classname="Scripts.OfcrCACertEnroll_Script"/>
  <testcase name="caEnroll" time="0.002" classname="Scripts.OfcrCACertEnroll_Script"/>
  <testcase name="caEnroll" time="94.029" classname="Scripts.OfcrCACertEnroll_Script"/>
  <testcase name="caEnroll" time="44.585" classname="Scripts.OfcrCACertEnroll_Script"/>
  <testcase name="caEnroll" time="0.002" classname="Scripts.OfcrCACertEnroll_Script"/>
  <testcase name="caCertSearch" time="0.002" classname="Scripts.OfcrCACertEnroll_Script"/>
  <testcase name="caCertSearch" time="17.614" classname="Scripts.OfcrCACertEnroll_Script"/>
  <testcase name="caCertSearch" time="0.001" classname="Scripts.OfcrCACertEnroll_Script"/>
  <testcase name="caCertSearch" time="0.002" classname="Scripts.OfcrCACertEnroll_Script"/>
  <testcase name="caSearch" time="0.002" classname="Scripts.OfcrCACertEnroll_Script"/>
  <testcase name="caSearch" time="0.002" classname="Scripts.OfcrCACertEnroll_Script"/>
  <testcase name="caSearch" time="0.002" classname="Scripts.OfcrCACertEnroll_Script"/>
  <testcase name="caSearch" time="13.405" classname="Scripts.OfcrCACertEnroll_Script"/>
</testsuite> <!-- Scripts.OfcrCACertEnroll_Script -->
