<?xml version="1.0" encoding="UTF-8"?>
<!-- Generated by org.testng.reporters.JUnitReportReporter -->
<testsuite skipped="0" hostname="CPU351" name="Scripts.AuditorDashBoard_Script" tests="7" failures="0" timestamp="09 Apr 2019 06:03:22 GMT" time="174.607" errors="0">
  <testcase name="AuditrActveCert" time="31.503" classname="Scripts.AuditorDashBoard_Script"/>
  <testcase name="AuditrActveCertU" time="31.936" classname="Scripts.AuditorDashBoard_Script"/>
  <testcase name="AuditrRvkeCert" time="11.726" classname="Scripts.AuditorDashBoard_Script"/>
  <testcase name="AuditrRvkeCertU" time="31.821" classname="Scripts.AuditorDashBoard_Script"/>
  <testcase name="AuditrExpireCert" time="11.806" classname="Scripts.AuditorDashBoard_Script"/>
  <testcase name="AuditrExpireCertU" time="32.343" classname="Scripts.AuditorDashBoard_Script"/>
  <testcase name="AuditrCRl" time="23.472" classname="Scripts.AuditorDashBoard_Script"/>
</testsuite> <!-- Scripts.AuditorDashBoard_Script -->
